2025-09-28 20:31:59,384 - production_regulatory_rag - INFO - {
  "timestamp": "2025-09-28T20:31:59.384389",
  "event_type": "query_received",
  "log_level": "info",
  "message": "User query received",
  "user_query": "Who is India Prime Minister",
  "query_relevance": null,
  "regulatory_domains": null,
  "context_count": null,
  "response_length": null,
  "processing_time_ms": null,
  "quality_score": null,
  "safety_score": null,
  "error_details": null,
  "session_id": null,
  "user_id": null,
  "metadata": null
}
2025-09-28 20:31:59,384 - production_regulatory_rag - INFO - {
  "timestamp": "2025-09-28T20:31:59.384389",
  "event_type": "query_classified",
  "log_level": "info",
  "message": "Query classified as irrelevant",
  "user_query": "Who is India Prime Minister",
  "query_relevance": "irrelevant",
  "regulatory_domains": [],
  "context_count": null,
  "response_length": null,
  "processing_time_ms": 0.0,
  "quality_score": null,
  "safety_score": null,
  "error_details": null,
  "session_id": null,
  "user_id": null,
  "metadata": {
    "relevance_score": 0.0,
    "regulatory_terms_found": [],
    "domain_keywords_found": {},
    "confidence": 0.1
  }
}
2025-09-28 20:32:18,317 - production_regulatory_rag - INFO - {
  "timestamp": "2025-09-28T20:32:18.317744",
  "event_type": "query_received",
  "log_level": "info",
  "message": "User query received",
  "user_query": "what are the regulators data that you have",
  "query_relevance": null,
  "regulatory_domains": null,
  "context_count": null,
  "response_length": null,
  "processing_time_ms": null,
  "quality_score": null,
  "safety_score": null,
  "error_details": null,
  "session_id": null,
  "user_id": null,
  "metadata": null
}
2025-09-28 20:32:18,317 - production_regulatory_rag - INFO - {
  "timestamp": "2025-09-28T20:32:18.317744",
  "event_type": "query_classified",
  "log_level": "info",
  "message": "Query classified as irrelevant",
  "user_query": "what are the regulators data that you have",
  "query_relevance": "irrelevant",
  "regulatory_domains": [],
  "context_count": null,
  "response_length": null,
  "processing_time_ms": 0.0,
  "quality_score": null,
  "safety_score": null,
  "error_details": null,
  "session_id": null,
  "user_id": null,
  "metadata": {
    "relevance_score": 0.0,
    "regulatory_terms_found": [],
    "domain_keywords_found": {},
    "confidence": 0.1
  }
}
2025-09-28 20:32:31,457 - production_regulatory_rag - INFO - {
  "timestamp": "2025-09-28T20:32:31.457644",
  "event_type": "query_received",
  "log_level": "info",
  "message": "User query received",
  "user_query": "show RBI regulations that you have",
  "query_relevance": null,
  "regulatory_domains": null,
  "context_count": null,
  "response_length": null,
  "processing_time_ms": null,
  "quality_score": null,
  "safety_score": null,
  "error_details": null,
  "session_id": null,
  "user_id": null,
  "metadata": null
}
2025-09-28 20:32:31,457 - production_regulatory_rag - INFO - {
  "timestamp": "2025-09-28T20:32:31.457644",
  "event_type": "query_classified",
  "log_level": "info",
  "message": "Query classified as partially_relevant",
  "user_query": "show RBI regulations that you have",
  "query_relevance": "partially_relevant",
  "regulatory_domains": [
    "banking"
  ],
  "context_count": null,
  "response_length": null,
  "processing_time_ms": 0.0,
  "quality_score": null,
  "safety_score": null,
  "error_details": null,
  "session_id": null,
  "user_id": null,
  "metadata": {
    "relevance_score": 0.44999999999999996,
    "regulatory_terms_found": [
      "regulation"
    ],
    "domain_keywords_found": {
      "banking": [
        "rbi"
      ]
    },
    "confidence": 0.5499999999999999
  }
}
2025-09-28 20:39:02,392 - production_regulatory_rag - INFO - {
  "timestamp": "2025-09-28T20:39:02.392337",
  "event_type": "query_received",
  "log_level": "info",
  "message": "User query received",
  "user_query": "show RBI regulations that you have",
  "query_relevance": null,
  "regulatory_domains": null,
  "context_count": null,
  "response_length": null,
  "processing_time_ms": null,
  "quality_score": null,
  "safety_score": null,
  "error_details": null,
  "session_id": null,
  "user_id": null,
  "metadata": null
}
2025-09-28 20:39:02,400 - production_regulatory_rag - INFO - {
  "timestamp": "2025-09-28T20:39:02.400481",
  "event_type": "query_classified",
  "log_level": "info",
  "message": "Query classified as partially_relevant",
  "user_query": "show RBI regulations that you have",
  "query_relevance": "partially_relevant",
  "regulatory_domains": [
    "banking"
  ],
  "context_count": null,
  "response_length": null,
  "processing_time_ms": 0.0,
  "quality_score": null,
  "safety_score": null,
  "error_details": null,
  "session_id": null,
  "user_id": null,
  "metadata": {
    "relevance_score": 0.44999999999999996,
    "regulatory_terms_found": [
      "regulation"
    ],
    "domain_keywords_found": {
      "banking": [
        "rbi"
      ]
    },
    "confidence": 0.5499999999999999
  }
}
2025-09-28 20:46:41,117 - production_regulatory_rag - INFO - {
  "timestamp": "2025-09-28T20:46:41.117225",
  "event_type": "query_received",
  "log_level": "info",
  "message": "User query received",
  "user_query": "What are the list of RBI regulations you have",
  "query_relevance": null,
  "regulatory_domains": null,
  "context_count": null,
  "response_length": null,
  "processing_time_ms": null,
  "quality_score": null,
  "safety_score": null,
  "error_details": null,
  "session_id": null,
  "user_id": null,
  "metadata": null
}
2025-09-28 20:46:41,124 - production_regulatory_rag - INFO - {
  "timestamp": "2025-09-28T20:46:41.124119",
  "event_type": "query_classified",
  "log_level": "info",
  "message": "Query classified as partially_relevant",
  "user_query": "What are the list of RBI regulations you have",
  "query_relevance": "partially_relevant",
  "regulatory_domains": [
    "banking"
  ],
  "context_count": null,
  "response_length": null,
  "processing_time_ms": 6.894588470458984,
  "quality_score": null,
  "safety_score": null,
  "error_details": null,
  "session_id": null,
  "user_id": null,
  "metadata": {
    "relevance_score": 0.44999999999999996,
    "regulatory_terms_found": [
      "regulation"
    ],
    "domain_keywords_found": {
      "banking": [
        "rbi"
      ]
    },
    "confidence": 0.5499999999999999
  }
}
2025-09-28 20:52:45,658 - production_regulatory_rag - INFO - {
  "timestamp": "2025-09-28T20:52:45.658389",
  "event_type": "query_received",
  "log_level": "info",
  "message": "User query received",
  "user_query": "What are the list of RBI regulations you have",
  "query_relevance": null,
  "regulatory_domains": null,
  "context_count": null,
  "response_length": null,
  "processing_time_ms": null,
  "quality_score": null,
  "safety_score": null,
  "error_details": null,
  "session_id": null,
  "user_id": null,
  "metadata": null
}
2025-09-28 20:52:45,661 - production_regulatory_rag - INFO - {
  "timestamp": "2025-09-28T20:52:45.661797",
  "event_type": "query_classified",
  "log_level": "info",
  "message": "Query classified as partially_relevant",
  "user_query": "What are the list of RBI regulations you have",
  "query_relevance": "partially_relevant",
  "regulatory_domains": [
    "banking"
  ],
  "context_count": null,
  "response_length": null,
  "processing_time_ms": 3.408193588256836,
  "quality_score": null,
  "safety_score": null,
  "error_details": null,
  "session_id": null,
  "user_id": null,
  "metadata": {
    "relevance_score": 0.44999999999999996,
    "regulatory_terms_found": [
      "regulation"
    ],
    "domain_keywords_found": {
      "banking": [
        "rbi"
      ]
    },
    "confidence": 0.5499999999999999
  }
}
2025-09-29 16:31:24,360 - production_regulatory_rag - INFO - {
  "timestamp": "2025-09-29T16:31:24.360658",
  "event_type": "query_received",
  "log_level": "info",
  "message": "User query received",
  "user_query": "what are the RBI regulations in recent days",
  "query_relevance": null,
  "regulatory_domains": null,
  "context_count": null,
  "response_length": null,
  "processing_time_ms": null,
  "quality_score": null,
  "safety_score": null,
  "error_details": null,
  "session_id": null,
  "user_id": null,
  "metadata": null
}
2025-09-29 16:31:24,360 - production_regulatory_rag - INFO - {
  "timestamp": "2025-09-29T16:31:24.360658",
  "event_type": "query_classified",
  "log_level": "info",
  "message": "Query classified as partially_relevant",
  "user_query": "what are the RBI regulations in recent days",
  "query_relevance": "partially_relevant",
  "regulatory_domains": [
    "banking"
  ],
  "context_count": null,
  "response_length": null,
  "processing_time_ms": 0.0,
  "quality_score": null,
  "safety_score": null,
  "error_details": null,
  "session_id": null,
  "user_id": null,
  "metadata": {
    "relevance_score": 0.44999999999999996,
    "regulatory_terms_found": [
      "regulation"
    ],
    "domain_keywords_found": {
      "banking": [
        "rbi"
      ]
    },
    "confidence": 0.5499999999999999
  }
}
2025-09-29 16:41:20,993 - production_regulatory_rag - INFO - {
  "timestamp": "2025-09-29T16:41:20.993277",
  "event_type": "query_received",
  "log_level": "info",
  "message": "User query received",
  "user_query": "what are the RBI regulations in recent days",
  "query_relevance": null,
  "regulatory_domains": null,
  "context_count": null,
  "response_length": null,
  "processing_time_ms": null,
  "quality_score": null,
  "safety_score": null,
  "error_details": null,
  "session_id": null,
  "user_id": null,
  "metadata": null
}
2025-09-29 16:41:21,001 - production_regulatory_rag - INFO - {
  "timestamp": "2025-09-29T16:41:21.001603",
  "event_type": "query_classified",
  "log_level": "info",
  "message": "Query classified as partially_relevant",
  "user_query": "what are the RBI regulations in recent days",
  "query_relevance": "partially_relevant",
  "regulatory_domains": [
    "banking"
  ],
  "context_count": null,
  "response_length": null,
  "processing_time_ms": 8.326053619384766,
  "quality_score": null,
  "safety_score": null,
  "error_details": null,
  "session_id": null,
  "user_id": null,
  "metadata": {
    "relevance_score": 0.44999999999999996,
    "regulatory_terms_found": [
      "regulation"
    ],
    "domain_keywords_found": {
      "banking": [
        "rbi"
      ]
    },
    "confidence": 0.5499999999999999
  }
}
2025-09-29 16:41:32,142 - production_regulatory_rag - INFO - {
  "timestamp": "2025-09-29T16:41:32.142852",
  "event_type": "response_generated",
  "log_level": "info",
  "message": "Response generated (1676 chars)",
  "user_query": "what are the RBI regulations in recent days",
  "query_relevance": null,
  "regulatory_domains": null,
  "context_count": null,
  "response_length": 1676,
  "processing_time_ms": 11149.575471878052,
  "quality_score": null,
  "safety_score": null,
  "error_details": null,
  "session_id": null,
  "user_id": null,
  "metadata": null
}
2025-09-29 16:41:32,142 - production_regulatory_rag - INFO - {
  "timestamp": "2025-09-29T16:41:32.142852",
  "event_type": "response_validated",
  "log_level": "info",
  "message": "Response validated: valid=False",
  "user_query": "what are the RBI regulations in recent days",
  "query_relevance": null,
  "regulatory_domains": null,
  "context_count": null,
  "response_length": null,
  "processing_time_ms": null,
  "quality_score": 0.8,
  "safety_score": 0,
  "error_details": null,
  "session_id": null,
  "user_id": null,
  "metadata": {
    "is_valid": false,
    "warnings": [],
    "suggestions": [
      "Consider adding appropriate disclaimers"
    ],
    "quality_score": 0.8,
    "safety_score": 0
  }
}
2025-09-29 16:41:32,142 - production_regulatory_rag - INFO - {
  "timestamp": "2025-09-29T16:41:32.142852",
  "event_type": "query_received",
  "log_level": "info",
  "message": "User query received",
  "user_query": "what are the RBI regulations in recent days",
  "query_relevance": null,
  "regulatory_domains": null,
  "context_count": null,
  "response_length": null,
  "processing_time_ms": null,
  "quality_score": null,
  "safety_score": null,
  "error_details": null,
  "session_id": null,
  "user_id": null,
  "metadata": null
}
2025-09-29 16:41:32,142 - production_regulatory_rag - INFO - {
  "timestamp": "2025-09-29T16:41:32.142852",
  "event_type": "query_classified",
  "log_level": "info",
  "message": "Query classified as partially_relevant",
  "user_query": "what are the RBI regulations in recent days",
  "query_relevance": "partially_relevant",
  "regulatory_domains": [
    "banking"
  ],
  "context_count": null,
  "response_length": null,
  "processing_time_ms": 1114.9575471878052,
  "quality_score": null,
  "safety_score": null,
  "error_details": null,
  "session_id": null,
  "user_id": null,
  "metadata": {
    "relevance_score": 0.44999999999999996,
    "regulatory_terms_found": [
      "regulation"
    ],
    "domain_keywords_found": {
      "banking": [
        "rbi"
      ]
    },
    "confidence": 0.5499999999999999
  }
}
2025-09-29 16:41:32,142 - production_regulatory_rag - INFO - {
  "timestamp": "2025-09-29T16:41:32.142852",
  "event_type": "context_retrieved",
  "log_level": "info",
  "message": "Retrieved 4 context items",
  "user_query": "what are the RBI regulations in recent days",
  "query_relevance": null,
  "regulatory_domains": null,
  "context_count": 4,
  "response_length": null,
  "processing_time_ms": 2229.9150943756104,
  "quality_score": null,
  "safety_score": null,
  "error_details": null,
  "session_id": null,
  "user_id": null,
  "metadata": null
}
2025-09-29 16:41:32,142 - production_regulatory_rag - INFO - {
  "timestamp": "2025-09-29T16:41:32.142852",
  "event_type": "response_generated",
  "log_level": "info",
  "message": "Response generated (1676 chars)",
  "user_query": "what are the RBI regulations in recent days",
  "query_relevance": null,
  "regulatory_domains": null,
  "context_count": null,
  "response_length": 1676,
  "processing_time_ms": 5574.787735939026,
  "quality_score": null,
  "safety_score": null,
  "error_details": null,
  "session_id": null,
  "user_id": null,
  "metadata": null
}
2025-09-29 16:41:32,142 - production_regulatory_rag - INFO - {
  "timestamp": "2025-09-29T16:41:32.142852",
  "event_type": "response_validated",
  "log_level": "info",
  "message": "Response validated: valid=False",
  "user_query": "what are the RBI regulations in recent days",
  "query_relevance": null,
  "regulatory_domains": null,
  "context_count": null,
  "response_length": null,
  "processing_time_ms": null,
  "quality_score": 0.8,
  "safety_score": 0,
  "error_details": null,
  "session_id": null,
  "user_id": null,
  "metadata": {
    "is_valid": false,
    "warnings": [],
    "suggestions": [
      "Consider adding appropriate disclaimers"
    ],
    "quality_score": 0.8,
    "safety_score": 0
  }
}
2025-09-29 16:41:32,142 - production_regulatory_rag - ERROR - {
  "timestamp": "2025-09-29T16:41:32.142852",
  "event_type": "error_occurred",
  "log_level": "error",
  "message": "Error occurred: performance",
  "user_query": "what are the RBI regulations in recent days",
  "query_relevance": null,
  "regulatory_domains": null,
  "context_count": null,
  "response_length": null,
  "processing_time_ms": null,
  "quality_score": null,
  "safety_score": null,
  "error_details": "Processing time exceeded threshold: 11149.575471878052ms",
  "session_id": null,
  "user_id": null,
  "metadata": null
}
2025-09-29 16:41:32,142 - production_regulatory_rag - CRITICAL - SECURITY ALERT: {
  "timestamp": "2025-09-29T16:41:32.142852",
  "event_type": "security_alert",
  "log_level": "security",
  "message": "Security alert: safety",
  "user_query": "what are the RBI regulations in recent days",
  "query_relevance": null,
  "regulatory_domains": null,
  "context_count": null,
  "response_length": null,
  "processing_time_ms": null,
  "quality_score": null,
  "safety_score": null,
  "error_details": "Safety score below threshold: 0",
  "session_id": null,
  "user_id": null,
  "metadata": null
}
2025-09-29 16:42:29,475 - production_regulatory_rag - INFO - {
  "timestamp": "2025-09-29T16:42:29.475930",
  "event_type": "query_received",
  "log_level": "info",
  "message": "User query received",
  "user_query": "who is prime minister of india",
  "query_relevance": null,
  "regulatory_domains": null,
  "context_count": null,
  "response_length": null,
  "processing_time_ms": null,
  "quality_score": null,
  "safety_score": null,
  "error_details": null,
  "session_id": null,
  "user_id": null,
  "metadata": null
}
2025-09-29 16:42:29,475 - production_regulatory_rag - INFO - {
  "timestamp": "2025-09-29T16:42:29.475930",
  "event_type": "query_classified",
  "log_level": "info",
  "message": "Query classified as irrelevant",
  "user_query": "who is prime minister of india",
  "query_relevance": "irrelevant",
  "regulatory_domains": [],
  "context_count": null,
  "response_length": null,
  "processing_time_ms": 0.0,
  "quality_score": null,
  "safety_score": null,
  "error_details": null,
  "session_id": null,
  "user_id": null,
  "metadata": {
    "relevance_score": 0.0,
    "regulatory_terms_found": [],
    "domain_keywords_found": {},
    "confidence": 0.1
  }
}
